<<<<<<< HEAD

**** Build of configuration Debug for project examples ****

make all 
Building file: ../examples.cpp
Invoking: Cross G++ Compiler
g++ -O0 -g3 -Wall -c -fmessage-length=0 -MMD -MP -MF"examples.d" -MT"examples.d" -o "examples.o" "../examples.cpp"
Finished building: ../examples.cpp
 
Building target: examples
Invoking: Cross G++ Linker
g++  -o "examples"  ./examples.o   -lGL -lglut
../examples.cpp:40: error: undefined reference to 'gluLookAt'
../examples.cpp:272: error: undefined reference to 'gluPerspective'
collect2: ld returned 1 exit status
make: *** [examples] Error 1

**** Build Finished ****
=======
01:01:58 **** Incremental Build of configuration Debug for project examples ****
make all 
make: Nothing to be done for `all'.

01:01:58 Build Finished (took 121ms)

>>>>>>> b46575f7e93663c826c76b5c9cdc205fe40e3574
