
**** Build of configuration Debug for project assign_2_task1 ****

make all 
Building file: ../main.cpp
Invoking: Cross G++ Compiler
g++ -O0 -g3 -Wall -c -fmessage-length=0 -MMD -MP -MF"main.d" -MT"main.d" -o "main.o" "../main.cpp"
Finished building: ../main.cpp
 
Building target: assign_2_task1
Invoking: Cross G++ Linker
g++  -o "assign_2_task1"  ./main.o   -lGL -lglut
Finished building target: assign_2_task1
 

**** Build Finished ****

**** Build of configuration Debug for project assign_2_task1 ****

make all 
make: Nothing to be done for `all'.

**** Build Finished ****

**** Build of configuration Debug for project assign_2_task1 ****

make all 
make: Nothing to be done for `all'.

**** Build Finished ****

**** Build of configuration Debug for project assign_2_task1 ****

make all 
Building file: ../main.cpp
Invoking: Cross G++ Compiler
g++ -O0 -g3 -Wall -c -fmessage-length=0 -MMD -MP -MF"main.d" -MT"main.d" -o "main.o" "../main.cpp"
Finished building: ../main.cpp
 
Building target: assign_2_task1
Invoking: Cross G++ Linker
g++  -o "assign_2_task1"  ./main.o   -lGL -lglut
Finished building target: assign_2_task1
 

**** Build Finished ****

**** Build of configuration Debug for project assign_2_task1 ****

make all 
Building file: ../main.cpp
Invoking: Cross G++ Compiler
g++ -O0 -g3 -Wall -c -fmessage-length=0 -MMD -MP -MF"main.d" -MT"main.d" -o "main.o" "../main.cpp"
Finished building: ../main.cpp
 
Building target: assign_2_task1
Invoking: Cross G++ Linker
g++  -o "assign_2_task1"  ./main.o   -lGL -lglut
Finished building target: assign_2_task1
 

**** Build Finished ****

**** Build of configuration Debug for project assign_2_task1 ****

make all 
Building file: ../main.cpp
Invoking: Cross G++ Compiler
g++ -O0 -g3 -Wall -c -fmessage-length=0 -MMD -MP -MF"main.d" -MT"main.d" -o "main.o" "../main.cpp"
../main.cpp: In function ‘void drawVerticalLeftSemicircle(float)’:
../main.cpp:39:1: error: expected ‘;’ before ‘}’ token
make: *** [main.o] Error 1

**** Build Finished ****

**** Build of configuration Debug for project assign_2_task1 ****

make all 
Building file: ../main.cpp
Invoking: Cross G++ Compiler
g++ -O0 -g3 -Wall -c -fmessage-length=0 -MMD -MP -MF"main.d" -MT"main.d" -o "main.o" "../main.cpp"
Finished building: ../main.cpp
 
Building target: assign_2_task1
Invoking: Cross G++ Linker
g++  -o "assign_2_task1"  ./main.o   -lGL -lglut
Finished building target: assign_2_task1
 

**** Build Finished ****

**** Build of configuration Debug for project assign_2_task1 ****

make all 
Building file: ../main.cpp
Invoking: Cross G++ Compiler
g++ -O0 -g3 -Wall -c -fmessage-length=0 -MMD -MP -MF"main.d" -MT"main.d" -o "main.o" "../main.cpp"
Finished building: ../main.cpp
 
Building target: assign_2_task1
Invoking: Cross G++ Linker
g++  -o "assign_2_task1"  ./main.o   -lGL -lglut
Finished building target: assign_2_task1
 

**** Build Finished ****

**** Build of configuration Debug for project assign_2_task1 ****

make all 
Building file: ../main.cpp
Invoking: Cross G++ Compiler
g++ -O0 -g3 -Wall -c -fmessage-length=0 -MMD -MP -MF"main.d" -MT"main.d" -o "main.o" "../main.cpp"
Finished building: ../main.cpp
 
Building target: assign_2_task1
Invoking: Cross G++ Linker
g++  -o "assign_2_task1"  ./main.o   -lGL -lglut
Finished building target: assign_2_task1
 

**** Build Finished ****

**** Build of configuration Debug for project assign_2_task1 ****

make all 
Building file: ../main.cpp
Invoking: Cross G++ Compiler
g++ -O0 -g3 -Wall -c -fmessage-length=0 -MMD -MP -MF"main.d" -MT"main.d" -o "main.o" "../main.cpp"
../main.cpp: In function ‘void display()’:
../main.cpp:69:33: error: ‘drawHorizontalTopSemicircle’ was not declared in this scope
make: *** [main.o] Error 1

**** Build Finished ****

**** Build of configuration Debug for project assign_2_task1 ****

make all 
Building file: ../main.cpp
Invoking: Cross G++ Compiler
g++ -O0 -g3 -Wall -c -fmessage-length=0 -MMD -MP -MF"main.d" -MT"main.d" -o "main.o" "../main.cpp"
Finished building: ../main.cpp
 
Building target: assign_2_task1
Invoking: Cross G++ Linker
g++  -o "assign_2_task1"  ./main.o   -lGL -lglut
Finished building target: assign_2_task1
 

**** Build Finished ****

**** Build of configuration Debug for project assign_2_task1 ****

make all 
Building file: ../main.cpp
Invoking: Cross G++ Compiler
g++ -O0 -g3 -Wall -c -fmessage-length=0 -MMD -MP -MF"main.d" -MT"main.d" -o "main.o" "../main.cpp"
Finished building: ../main.cpp
 
Building target: assign_2_task1
Invoking: Cross G++ Linker
g++  -o "assign_2_task1"  ./main.o   -lGL -lglut
Finished building target: assign_2_task1
 

**** Build Finished ****

**** Build of configuration Debug for project assign_2_task1 ****

make all 
Building file: ../main.cpp
Invoking: Cross G++ Compiler
g++ -O0 -g3 -Wall -c -fmessage-length=0 -MMD -MP -MF"main.d" -MT"main.d" -o "main.o" "../main.cpp"
Finished building: ../main.cpp
 
Building target: assign_2_task1
Invoking: Cross G++ Linker
g++  -o "assign_2_task1"  ./main.o   -lGL -lglut
Finished building target: assign_2_task1
 

**** Build Finished ****

**** Build of configuration Debug for project assign_2_task1 ****

make all 
Building file: ../main.cpp
Invoking: Cross G++ Compiler
g++ -O0 -g3 -Wall -c -fmessage-length=0 -MMD -MP -MF"main.d" -MT"main.d" -o "main.o" "../main.cpp"
Finished building: ../main.cpp
 
Building target: assign_2_task1
Invoking: Cross G++ Linker
g++  -o "assign_2_task1"  ./main.o   -lGL -lglut
Finished building target: assign_2_task1
 

**** Build Finished ****

**** Build of configuration Debug for project assign_2_task1 ****

make all 
Building file: ../main.cpp
Invoking: Cross G++ Compiler
g++ -O0 -g3 -Wall -c -fmessage-length=0 -MMD -MP -MF"main.d" -MT"main.d" -o "main.o" "../main.cpp"
Finished building: ../main.cpp
 
Building target: assign_2_task1
Invoking: Cross G++ Linker
g++  -o "assign_2_task1"  ./main.o   -lGL -lglut
Finished building target: assign_2_task1
 

**** Build Finished ****

**** Build of configuration Debug for project assign_2_task1 ****

make all 
Building file: ../main.cpp
Invoking: Cross G++ Compiler
g++ -O0 -g3 -Wall -c -fmessage-length=0 -MMD -MP -MF"main.d" -MT"main.d" -o "main.o" "../main.cpp"
Finished building: ../main.cpp
 
Building target: assign_2_task1
Invoking: Cross G++ Linker
g++  -o "assign_2_task1"  ./main.o   -lGL -lglut
Finished building target: assign_2_task1
 

**** Build Finished ****

**** Build of configuration Debug for project assign_2_task1 ****

make all 
Building file: ../main.cpp
Invoking: Cross G++ Compiler
g++ -O0 -g3 -Wall -c -fmessage-length=0 -MMD -MP -MF"main.d" -MT"main.d" -o "main.o" "../main.cpp"
Finished building: ../main.cpp
 
Building target: assign_2_task1
Invoking: Cross G++ Linker
g++  -o "assign_2_task1"  ./main.o   -lGL -lglut
Finished building target: assign_2_task1
 

**** Build Finished ****

**** Build of configuration Debug for project assign_2_task1 ****

make all 
Building file: ../main.cpp
Invoking: Cross G++ Compiler
g++ -O0 -g3 -Wall -c -fmessage-length=0 -MMD -MP -MF"main.d" -MT"main.d" -o "main.o" "../main.cpp"
Finished building: ../main.cpp
 
Building target: assign_2_task1
Invoking: Cross G++ Linker
g++  -o "assign_2_task1"  ./main.o   -lGL -lglut
Finished building target: assign_2_task1
 

**** Build Finished ****

**** Build of configuration Debug for project assign_2_task1 ****

make all 
Building file: ../main.cpp
Invoking: Cross G++ Compiler
g++ -O0 -g3 -Wall -c -fmessage-length=0 -MMD -MP -MF"main.d" -MT"main.d" -o "main.o" "../main.cpp"
Finished building: ../main.cpp
 
Building target: assign_2_task1
Invoking: Cross G++ Linker
g++  -o "assign_2_task1"  ./main.o   -lGL -lglut
Finished building target: assign_2_task1
 

**** Build Finished ****

**** Build of configuration Debug for project assign_2_task1 ****

make all 
make: Nothing to be done for `all'.

**** Build Finished ****

**** Build of configuration Debug for project assign_2_task1 ****

make all 
Building file: ../main.cpp
Invoking: Cross G++ Compiler
g++ -O0 -g3 -Wall -c -fmessage-length=0 -MMD -MP -MF"main.d" -MT"main.d" -o "main.o" "../main.cpp"
Finished building: ../main.cpp
 
Building target: assign_2_task1
Invoking: Cross G++ Linker
g++  -o "assign_2_task1"  ./main.o   -lGL -lglut
Finished building target: assign_2_task1
 

**** Build Finished ****

**** Build of configuration Debug for project assign_2_task1 ****

make all 
Building file: ../main.cpp
Invoking: Cross G++ Compiler
g++ -O0 -g3 -Wall -c -fmessage-length=0 -MMD -MP -MF"main.d" -MT"main.d" -o "main.o" "../main.cpp"
Finished building: ../main.cpp
 
Building target: assign_2_task1
Invoking: Cross G++ Linker
g++  -o "assign_2_task1"  ./main.o   -lGL -lglut
Finished building target: assign_2_task1
 

**** Build Finished ****

**** Build of configuration Debug for project assign_2_task1 ****

make all 
Building file: ../main.cpp
Invoking: Cross G++ Compiler
g++ -O0 -g3 -Wall -c -fmessage-length=0 -MMD -MP -MF"main.d" -MT"main.d" -o "main.o" "../main.cpp"
Finished building: ../main.cpp
 
Building target: assign_2_task1
Invoking: Cross G++ Linker
g++  -o "assign_2_task1"  ./main.o   -lGL -lglut
Finished building target: assign_2_task1
 

**** Build Finished ****

**** Build of configuration Debug for project assign_2_task1 ****

make all 
Building file: ../main.cpp
Invoking: Cross G++ Compiler
g++ -O0 -g3 -Wall -c -fmessage-length=0 -MMD -MP -MF"main.d" -MT"main.d" -o "main.o" "../main.cpp"
Finished building: ../main.cpp
 
Building target: assign_2_task1
Invoking: Cross G++ Linker
g++  -o "assign_2_task1"  ./main.o   -lGL -lglut
Finished building target: assign_2_task1
 

**** Build Finished ****

**** Build of configuration Debug for project assign_2_task1 ****

make all 
Building file: ../main.cpp
Invoking: Cross G++ Compiler
g++ -O0 -g3 -Wall -c -fmessage-length=0 -MMD -MP -MF"main.d" -MT"main.d" -o "main.o" "../main.cpp"
Finished building: ../main.cpp
 
Building target: assign_2_task1
Invoking: Cross G++ Linker
g++  -o "assign_2_task1"  ./main.o   -lGL -lglut
Finished building target: assign_2_task1
 

**** Build Finished ****

**** Build of configuration Debug for project assign_2_task1 ****

make all 
Building file: ../main.cpp
Invoking: Cross G++ Compiler
g++ -O0 -g3 -Wall -c -fmessage-length=0 -MMD -MP -MF"main.d" -MT"main.d" -o "main.o" "../main.cpp"
Finished building: ../main.cpp
 
Building target: assign_2_task1
Invoking: Cross G++ Linker
g++  -o "assign_2_task1"  ./main.o   -lGL -lglut
Finished building target: assign_2_task1
 

**** Build Finished ****

**** Build of configuration Debug for project assign_2_task1 ****

make all 
Building file: ../main.cpp
Invoking: Cross G++ Compiler
g++ -O0 -g3 -Wall -c -fmessage-length=0 -MMD -MP -MF"main.d" -MT"main.d" -o "main.o" "../main.cpp"
Finished building: ../main.cpp
 
Building target: assign_2_task1
Invoking: Cross G++ Linker
g++  -o "assign_2_task1"  ./main.o   -lGL -lglut
Finished building target: assign_2_task1
 

**** Build Finished ****

**** Build of configuration Debug for project assign_2_task1 ****

make all 
Building file: ../main.cpp
Invoking: Cross G++ Compiler
g++ -O0 -g3 -Wall -c -fmessage-length=0 -MMD -MP -MF"main.d" -MT"main.d" -o "main.o" "../main.cpp"
Finished building: ../main.cpp
 
Building target: assign_2_task1
Invoking: Cross G++ Linker
g++  -o "assign_2_task1"  ./main.o   -lGL -lglut
Finished building target: assign_2_task1
 

**** Build Finished ****

**** Build of configuration Debug for project assign_2_task1 ****

make all 
Building file: ../main.cpp
Invoking: Cross G++ Compiler
g++ -O0 -g3 -Wall -c -fmessage-length=0 -MMD -MP -MF"main.d" -MT"main.d" -o "main.o" "../main.cpp"
Finished building: ../main.cpp
 
Building target: assign_2_task1
Invoking: Cross G++ Linker
g++  -o "assign_2_task1"  ./main.o   -lGL -lglut
Finished building target: assign_2_task1
 

**** Build Finished ****

**** Build of configuration Debug for project assign_2_task1 ****

make all 
Building file: ../main.cpp
Invoking: Cross G++ Compiler
g++ -O0 -g3 -Wall -c -fmessage-length=0 -MMD -MP -MF"main.d" -MT"main.d" -o "main.o" "../main.cpp"
Finished building: ../main.cpp
 
Building target: assign_2_task1
Invoking: Cross G++ Linker
g++  -o "assign_2_task1"  ./main.o   -lGL -lglut
Finished building target: assign_2_task1
 

**** Build Finished ****

**** Build of configuration Debug for project assign_2_task1 ****

make all 
Building file: ../main.cpp
Invoking: Cross G++ Compiler
g++ -O0 -g3 -Wall -c -fmessage-length=0 -MMD -MP -MF"main.d" -MT"main.d" -o "main.o" "../main.cpp"
Finished building: ../main.cpp
 
Building target: assign_2_task1
Invoking: Cross G++ Linker
g++  -o "assign_2_task1"  ./main.o   -lGL -lglut
Finished building target: assign_2_task1
 

**** Build Finished ****

**** Build of configuration Debug for project assign_2_task1 ****

make all 
Building file: ../main.cpp
Invoking: Cross G++ Compiler
g++ -O0 -g3 -Wall -c -fmessage-length=0 -MMD -MP -MF"main.d" -MT"main.d" -o "main.o" "../main.cpp"
Finished building: ../main.cpp
 
Building target: assign_2_task1
Invoking: Cross G++ Linker
g++  -o "assign_2_task1"  ./main.o   -lGL -lglut
Finished building target: assign_2_task1
 

**** Build Finished ****

**** Build of configuration Debug for project assign_2_task1 ****

make all 
Building file: ../main.cpp
Invoking: Cross G++ Compiler
g++ -O0 -g3 -Wall -c -fmessage-length=0 -MMD -MP -MF"main.d" -MT"main.d" -o "main.o" "../main.cpp"
Finished building: ../main.cpp
 
Building target: assign_2_task1
Invoking: Cross G++ Linker
g++  -o "assign_2_task1"  ./main.o   -lGL -lglut
Finished building target: assign_2_task1
 

**** Build Finished ****

**** Build of configuration Debug for project assign_2_task1 ****

make all 
Building file: ../main.cpp
Invoking: Cross G++ Compiler
g++ -O0 -g3 -Wall -c -fmessage-length=0 -MMD -MP -MF"main.d" -MT"main.d" -o "main.o" "../main.cpp"
Finished building: ../main.cpp
 
Building target: assign_2_task1
Invoking: Cross G++ Linker
g++  -o "assign_2_task1"  ./main.o   -lGL -lglut
Finished building target: assign_2_task1
 

**** Build Finished ****

**** Build of configuration Debug for project assign_2_task1 ****

make all 
Building file: ../main.cpp
Invoking: Cross G++ Compiler
g++ -O0 -g3 -Wall -c -fmessage-length=0 -MMD -MP -MF"main.d" -MT"main.d" -o "main.o" "../main.cpp"
Finished building: ../main.cpp
 
Building target: assign_2_task1
Invoking: Cross G++ Linker
g++  -o "assign_2_task1"  ./main.o   -lGL -lglut
Finished building target: assign_2_task1
 

**** Build Finished ****

**** Build of configuration Debug for project assign_2_task1 ****

make all 
make: Nothing to be done for `all'.

**** Build Finished ****

**** Build of configuration Debug for project assign_2_task1 ****

make all 
Building file: ../main.cpp
Invoking: Cross G++ Compiler
g++ -O0 -g3 -Wall -c -fmessage-length=0 -MMD -MP -MF"main.d" -MT"main.d" -o "main.o" "../main.cpp"
Finished building: ../main.cpp
 
Building target: assign_2_task1
Invoking: Cross G++ Linker
g++  -o "assign_2_task1"  ./main.o   -lGL -lglut
Finished building target: assign_2_task1
 

**** Build Finished ****

**** Build of configuration Debug for project assign_2_task1 ****

make all 
Building file: ../main.cpp
Invoking: Cross G++ Compiler
g++ -O0 -g3 -Wall -c -fmessage-length=0 -MMD -MP -MF"main.d" -MT"main.d" -o "main.o" "../main.cpp"
Finished building: ../main.cpp
 
Building target: assign_2_task1
Invoking: Cross G++ Linker
g++  -o "assign_2_task1"  ./main.o   -lGL -lglut
Finished building target: assign_2_task1
 

**** Build Finished ****

**** Build of configuration Debug for project assign_2_task1 ****

make all 
Building file: ../main.cpp
Invoking: Cross G++ Compiler
g++ -O0 -g3 -Wall -c -fmessage-length=0 -MMD -MP -MF"main.d" -MT"main.d" -o "main.o" "../main.cpp"
Finished building: ../main.cpp
 
Building target: assign_2_task1
Invoking: Cross G++ Linker
g++  -o "assign_2_task1"  ./main.o   -lGL -lglut
Finished building target: assign_2_task1
 

**** Build Finished ****

**** Build of configuration Debug for project assign_2_task1 ****

make all 
Building file: ../main.cpp
Invoking: Cross G++ Compiler
g++ -O0 -g3 -Wall -c -fmessage-length=0 -MMD -MP -MF"main.d" -MT"main.d" -o "main.o" "../main.cpp"
Finished building: ../main.cpp
 
Building target: assign_2_task1
Invoking: Cross G++ Linker
g++  -o "assign_2_task1"  ./main.o   -lGL -lglut
Finished building target: assign_2_task1
 

**** Build Finished ****

**** Build of configuration Debug for project assign_2_task1 ****

make all 
Building file: ../main.cpp
Invoking: Cross G++ Compiler
g++ -O0 -g3 -Wall -c -fmessage-length=0 -MMD -MP -MF"main.d" -MT"main.d" -o "main.o" "../main.cpp"
Finished building: ../main.cpp
 
Building target: assign_2_task1
Invoking: Cross G++ Linker
g++  -o "assign_2_task1"  ./main.o   -lGL -lglut
Finished building target: assign_2_task1
 

**** Build Finished ****

**** Build of configuration Debug for project assign_2_task1 ****

make all 
Building file: ../main.cpp
Invoking: Cross G++ Compiler
g++ -O0 -g3 -Wall -c -fmessage-length=0 -MMD -MP -MF"main.d" -MT"main.d" -o "main.o" "../main.cpp"
Finished building: ../main.cpp
 
Building target: assign_2_task1
Invoking: Cross G++ Linker
g++  -o "assign_2_task1"  ./main.o   -lGL -lglut
Finished building target: assign_2_task1
 

**** Build Finished ****

**** Build of configuration Debug for project assign_2_task1 ****

make all 
Building file: ../main.cpp
Invoking: Cross G++ Compiler
g++ -O0 -g3 -Wall -c -fmessage-length=0 -MMD -MP -MF"main.d" -MT"main.d" -o "main.o" "../main.cpp"
Finished building: ../main.cpp
 
Building target: assign_2_task1
Invoking: Cross G++ Linker
g++  -o "assign_2_task1"  ./main.o   -lGL -lglut
Finished building target: assign_2_task1
 

**** Build Finished ****

**** Build of configuration Debug for project assign_2_task1 ****

make all 
Building file: ../main.cpp
Invoking: Cross G++ Compiler
g++ -O0 -g3 -Wall -c -fmessage-length=0 -MMD -MP -MF"main.d" -MT"main.d" -o "main.o" "../main.cpp"
Finished building: ../main.cpp
 
Building target: assign_2_task1
Invoking: Cross G++ Linker
g++  -o "assign_2_task1"  ./main.o   -lGL -lglut
Finished building target: assign_2_task1
 

**** Build Finished ****

**** Build of configuration Debug for project assign_2_task1 ****

make all 
Building file: ../main.cpp
Invoking: Cross G++ Compiler
g++ -O0 -g3 -Wall -c -fmessage-length=0 -MMD -MP -MF"main.d" -MT"main.d" -o "main.o" "../main.cpp"
Finished building: ../main.cpp
 
Building target: assign_2_task1
Invoking: Cross G++ Linker
g++  -o "assign_2_task1"  ./main.o   -lGL -lglut
Finished building target: assign_2_task1
 

**** Build Finished ****

**** Build of configuration Debug for project assign_2_task1 ****

make all 
Building file: ../main.cpp
Invoking: Cross G++ Compiler
g++ -O0 -g3 -Wall -c -fmessage-length=0 -MMD -MP -MF"main.d" -MT"main.d" -o "main.o" "../main.cpp"
Finished building: ../main.cpp
 
Building target: assign_2_task1
Invoking: Cross G++ Linker
g++  -o "assign_2_task1"  ./main.o   -lGL -lglut
Finished building target: assign_2_task1
 

**** Build Finished ****

**** Build of configuration Debug for project assign_2_task1 ****

make all 
Building file: ../main.cpp
Invoking: Cross G++ Compiler
g++ -O0 -g3 -Wall -c -fmessage-length=0 -MMD -MP -MF"main.d" -MT"main.d" -o "main.o" "../main.cpp"
Finished building: ../main.cpp
 
Building target: assign_2_task1
Invoking: Cross G++ Linker
g++  -o "assign_2_task1"  ./main.o   -lGL -lglut
Finished building target: assign_2_task1
 

**** Build Finished ****

**** Build of configuration Debug for project assign_2_task1 ****

make all 
Building file: ../main.cpp
Invoking: Cross G++ Compiler
g++ -O0 -g3 -Wall -c -fmessage-length=0 -MMD -MP -MF"main.d" -MT"main.d" -o "main.o" "../main.cpp"
Finished building: ../main.cpp
 
Building target: assign_2_task1
Invoking: Cross G++ Linker
g++  -o "assign_2_task1"  ./main.o   -lGL -lglut
Finished building target: assign_2_task1
 

**** Build Finished ****

**** Build of configuration Debug for project assign_2_task1 ****

make all 
Building file: ../main.cpp
Invoking: Cross G++ Compiler
g++ -O0 -g3 -Wall -c -fmessage-length=0 -MMD -MP -MF"main.d" -MT"main.d" -o "main.o" "../main.cpp"
Finished building: ../main.cpp
 
Building target: assign_2_task1
Invoking: Cross G++ Linker
g++  -o "assign_2_task1"  ./main.o   -lGL -lglut
Finished building target: assign_2_task1
 

**** Build Finished ****

**** Build of configuration Debug for project assign_2_task1 ****

make all 
Building file: ../main.cpp
Invoking: Cross G++ Compiler
g++ -O0 -g3 -Wall -c -fmessage-length=0 -MMD -MP -MF"main.d" -MT"main.d" -o "main.o" "../main.cpp"
Finished building: ../main.cpp
 
Building target: assign_2_task1
Invoking: Cross G++ Linker
g++  -o "assign_2_task1"  ./main.o   -lGL -lglut
Finished building target: assign_2_task1
 

**** Build Finished ****

**** Build of configuration Debug for project assign_2_task1 ****

make all 
Building file: ../main.cpp
Invoking: Cross G++ Compiler
g++ -O0 -g3 -Wall -c -fmessage-length=0 -MMD -MP -MF"main.d" -MT"main.d" -o "main.o" "../main.cpp"
Finished building: ../main.cpp
 
Building target: assign_2_task1
Invoking: Cross G++ Linker
g++  -o "assign_2_task1"  ./main.o   -lGL -lglut
Finished building target: assign_2_task1
 

**** Build Finished ****

**** Build of configuration Debug for project assign_2_task1 ****

make all 
Building file: ../main.cpp
Invoking: Cross G++ Compiler
g++ -O0 -g3 -Wall -c -fmessage-length=0 -MMD -MP -MF"main.d" -MT"main.d" -o "main.o" "../main.cpp"
Finished building: ../main.cpp
 
Building target: assign_2_task1
Invoking: Cross G++ Linker
g++  -o "assign_2_task1"  ./main.o   -lGL -lglut
Finished building target: assign_2_task1
 

**** Build Finished ****

**** Build of configuration Debug for project assign_2_task1 ****

make all 
Building file: ../main.cpp
Invoking: Cross G++ Compiler
g++ -O0 -g3 -Wall -c -fmessage-length=0 -MMD -MP -MF"main.d" -MT"main.d" -o "main.o" "../main.cpp"
Finished building: ../main.cpp
 
Building target: assign_2_task1
Invoking: Cross G++ Linker
g++  -o "assign_2_task1"  ./main.o   -lGL -lglut
Finished building target: assign_2_task1
 

**** Build Finished ****

**** Build of configuration Debug for project assign_2_task1 ****

make all 
Building file: ../main.cpp
Invoking: Cross G++ Compiler
g++ -O0 -g3 -Wall -c -fmessage-length=0 -MMD -MP -MF"main.d" -MT"main.d" -o "main.o" "../main.cpp"
Finished building: ../main.cpp
 
Building target: assign_2_task1
Invoking: Cross G++ Linker
g++  -o "assign_2_task1"  ./main.o   -lGL -lglut
Finished building target: assign_2_task1
 

**** Build Finished ****

**** Build of configuration Debug for project assign_2_task1 ****

make all 
Building file: ../main.cpp
Invoking: Cross G++ Compiler
g++ -O0 -g3 -Wall -c -fmessage-length=0 -MMD -MP -MF"main.d" -MT"main.d" -o "main.o" "../main.cpp"
Finished building: ../main.cpp
 
Building target: assign_2_task1
Invoking: Cross G++ Linker
g++  -o "assign_2_task1"  ./main.o   -lGL -lglut
Finished building target: assign_2_task1
 

**** Build Finished ****
